[debug] [2020-06-06T05:30:25.471Z] ----------------------------------------------------------------------
[debug] [2020-06-06T05:30:25.474Z] Command:       C:\Program Files\nodejs\node.exe C:\Users\fahmi\AppData\Roaming\npm\node_modules\firebase-tools\lib\bin\firebase.js deploy
[debug] [2020-06-06T05:30:25.474Z] CLI Version:   8.4.1
[debug] [2020-06-06T05:30:25.474Z] Platform:      win32
[debug] [2020-06-06T05:30:25.474Z] Node Version:  v10.16.3
[debug] [2020-06-06T05:30:25.486Z] Time:          Sat Jun 06 2020 06:30:25 GMT+0100 (GMT+01:00)
[debug] [2020-06-06T05:30:25.487Z] ----------------------------------------------------------------------
[debug] [2020-06-06T05:30:25.487Z] 
[debug] [2020-06-06T05:30:25.508Z] > command requires scopes: ["email","openid","https://www.googleapis.com/auth/cloudplatformprojects.readonly","https://www.googleapis.com/auth/firebase","https://www.googleapis.com/auth/cloud-platform"]
[debug] [2020-06-06T05:30:25.509Z] > authorizing via signed-in user
[debug] [2020-06-06T05:30:25.509Z] [iam] checking project cityschool-a6e48 for permissions ["datastore.indexes.create","datastore.indexes.delete","datastore.indexes.list","datastore.indexes.update","firebase.projects.get","firebasehosting.sites.update"]
[debug] [2020-06-06T05:30:25.513Z] > refreshing access token with scopes: ["email","https://www.googleapis.com/auth/cloud-platform","https://www.googleapis.com/auth/cloudplatformprojects.readonly","https://www.googleapis.com/auth/firebase","openid"]
[debug] [2020-06-06T05:30:25.514Z] >>> HTTP REQUEST POST https://www.googleapis.com/oauth2/v3/token  
 <request body omitted>
[debug] [2020-06-06T05:30:26.320Z] <<< HTTP RESPONSE 200 {"content-type":"application/json; charset=utf-8","vary":"X-Origin, Referer, Origin,Accept-Encoding","date":"Sat, 06 Jun 2020 05:30:26 GMT","server":"scaffolding on HTTPServer2","cache-control":"private","x-xss-protection":"0","x-frame-options":"SAMEORIGIN","x-content-type-options":"nosniff","alt-svc":"h3-27=\":443\"; ma=2592000,h3-25=\":443\"; ma=2592000,h3-T050=\":443\"; ma=2592000,h3-Q050=\":443\"; ma=2592000,h3-Q049=\":443\"; ma=2592000,h3-Q048=\":443\"; ma=2592000,h3-Q046=\":443\"; ma=2592000,h3-Q043=\":443\"; ma=2592000,quic=\":443\"; ma=2592000; v=\"46,43\"","accept-ranges":"none","transfer-encoding":"chunked"}
[debug] [2020-06-06T05:30:26.337Z] >>> HTTP REQUEST POST https://cloudresourcemanager.googleapis.com/v1/projects/cityschool-a6e48:testIamPermissions  
 {"permissions":["datastore.indexes.create","datastore.indexes.delete","datastore.indexes.list","datastore.indexes.update","firebase.projects.get","firebasehosting.sites.update"]}
[debug] [2020-06-06T05:30:27.704Z] <<< HTTP RESPONSE 200 {"content-type":"application/json; charset=UTF-8","vary":"X-Origin, Referer, Origin,Accept-Encoding","date":"Sat, 06 Jun 2020 05:30:27 GMT","server":"ESF","cache-control":"private","x-xss-protection":"0","x-frame-options":"SAMEORIGIN","x-content-type-options":"nosniff","server-timing":"gfet4t7; dur=651","alt-svc":"h3-27=\":443\"; ma=2592000,h3-25=\":443\"; ma=2592000,h3-T050=\":443\"; ma=2592000,h3-Q050=\":443\"; ma=2592000,h3-Q049=\":443\"; ma=2592000,h3-Q048=\":443\"; ma=2592000,h3-Q046=\":443\"; ma=2592000,h3-Q043=\":443\"; ma=2592000,quic=\":443\"; ma=2592000; v=\"46,43\"","accept-ranges":"none","transfer-encoding":"chunked"}
[debug] [2020-06-06T05:30:27.706Z] >>> HTTP REQUEST GET https://firebase.googleapis.com/v1beta1/projects/cityschool-a6e48  
 
[debug] [2020-06-06T05:30:28.364Z] <<< HTTP RESPONSE 200 {"content-type":"application/json; charset=UTF-8","vary":"X-Origin, Referer, Origin,Accept-Encoding","date":"Sat, 06 Jun 2020 05:30:28 GMT","server":"ESF","cache-control":"private","x-xss-protection":"0","x-frame-options":"SAMEORIGIN","x-content-type-options":"nosniff","alt-svc":"h3-27=\":443\"; ma=2592000,h3-25=\":443\"; ma=2592000,h3-T050=\":443\"; ma=2592000,h3-Q050=\":443\"; ma=2592000,h3-Q049=\":443\"; ma=2592000,h3-Q048=\":443\"; ma=2592000,h3-Q046=\":443\"; ma=2592000,h3-Q043=\":443\"; ma=2592000,quic=\":443\"; ma=2592000; v=\"46,43\"","accept-ranges":"none","transfer-encoding":"chunked"}
[info] 
[info] === Deploying to 'cityschool-a6e48'...
[info] 
[info] i  deploying firestore, hosting 
[info] i  firestore: reading indexes from firestore.indexes.json... 
[info] i  cloud.firestore: checking firestore.rules for compilation errors... 
[debug] [2020-06-06T05:30:28.371Z] >>> HTTP REQUEST POST https://firebaserules.googleapis.com/v1/projects/cityschool-a6e48:test  
 {"source":{"files":[{"name":"firestore.rules","content":"rules_version = '2';\r\nservice cloud.firestore {\r\n  match /databases/{database}/documents {\r\n\r\n \r\n    match /{document=**} {\r\n      allow read, write ;\r\n    }\r\n  }\r\n}"}]}}
[debug] [2020-06-06T05:30:29.669Z] <<< HTTP RESPONSE 200 {"content-type":"application/json; charset=UTF-8","vary":"X-Origin, Referer, Origin,Accept-Encoding","date":"Sat, 06 Jun 2020 05:30:29 GMT","server":"ESF","cache-control":"private","x-xss-protection":"0","x-frame-options":"SAMEORIGIN","x-content-type-options":"nosniff","alt-svc":"h3-27=\":443\"; ma=2592000,h3-25=\":443\"; ma=2592000,h3-T050=\":443\"; ma=2592000,h3-Q050=\":443\"; ma=2592000,h3-Q049=\":443\"; ma=2592000,h3-Q048=\":443\"; ma=2592000,h3-Q046=\":443\"; ma=2592000,h3-Q043=\":443\"; ma=2592000,quic=\":443\"; ma=2592000; v=\"46,43\"","accept-ranges":"none","transfer-encoding":"chunked"}
[info] +  cloud.firestore: rules file firestore.rules compiled successfully 
[debug] [2020-06-06T05:30:29.672Z] >>> HTTP REQUEST POST https://firebasehosting.googleapis.com/v1beta1/sites/cityschool-a6e48/versions  
 {"config":{"rewrites":[{"glob":"**","path":"/index.html"}]},"labels":{"deployment-tool":"cli-firebase"}}
[debug] [2020-06-06T05:30:31.490Z] <<< HTTP RESPONSE 200 {"content-type":"application/json; charset=UTF-8","vary":"X-Origin, Referer, Origin,Accept-Encoding","date":"Sat, 06 Jun 2020 05:30:31 GMT","server":"ESF","cache-control":"private","x-xss-protection":"0","x-frame-options":"SAMEORIGIN","x-content-type-options":"nosniff","alt-svc":"h3-27=\":443\"; ma=2592000,h3-25=\":443\"; ma=2592000,h3-T050=\":443\"; ma=2592000,h3-Q050=\":443\"; ma=2592000,h3-Q049=\":443\"; ma=2592000,h3-Q048=\":443\"; ma=2592000,h3-Q046=\":443\"; ma=2592000,h3-Q043=\":443\"; ma=2592000,quic=\":443\"; ma=2592000; v=\"46,43\"","accept-ranges":"none","transfer-encoding":"chunked"}
[debug] [2020-06-06T05:30:31.492Z] >>> HTTP REQUEST GET https://firebaserules.googleapis.com/v1/projects/cityschool-a6e48/releases?pageSize=10&pageToken=  
 
[debug] [2020-06-06T05:30:31.493Z] >>> HTTP REQUEST GET https://firestore.googleapis.com/v1beta2/projects/cityschool-a6e48/databases/(default)/collectionGroups/-/indexes  
 
[debug] [2020-06-06T05:30:32.422Z] <<< HTTP RESPONSE 200 {"content-type":"application/json; charset=UTF-8","vary":"X-Origin, Referer, Origin,Accept-Encoding","date":"Sat, 06 Jun 2020 05:30:32 GMT","server":"ESF","cache-control":"private","x-xss-protection":"0","x-frame-options":"SAMEORIGIN","x-content-type-options":"nosniff","alt-svc":"h3-27=\":443\"; ma=2592000,h3-25=\":443\"; ma=2592000,h3-T050=\":443\"; ma=2592000,h3-Q050=\":443\"; ma=2592000,h3-Q049=\":443\"; ma=2592000,h3-Q048=\":443\"; ma=2592000,h3-Q046=\":443\"; ma=2592000,h3-Q043=\":443\"; ma=2592000,quic=\":443\"; ma=2592000; v=\"46,43\"","accept-ranges":"none","transfer-encoding":"chunked"}
[debug] [2020-06-06T05:30:32.423Z] >>> HTTP REQUEST GET https://firestore.googleapis.com/v1beta2/projects/cityschool-a6e48/databases/(default)/collectionGroups/-/fields?filter=indexConfig.usesAncestorConfig=false  
 
[debug] [2020-06-06T05:30:32.520Z] <<< HTTP RESPONSE 200 {"content-type":"application/json; charset=UTF-8","vary":"X-Origin, Referer, Origin,Accept-Encoding","date":"Sat, 06 Jun 2020 05:30:32 GMT","server":"ESF","cache-control":"private","x-xss-protection":"0","x-frame-options":"SAMEORIGIN","x-content-type-options":"nosniff","alt-svc":"h3-27=\":443\"; ma=2592000,h3-25=\":443\"; ma=2592000,h3-T050=\":443\"; ma=2592000,h3-Q050=\":443\"; ma=2592000,h3-Q049=\":443\"; ma=2592000,h3-Q048=\":443\"; ma=2592000,h3-Q046=\":443\"; ma=2592000,h3-Q043=\":443\"; ma=2592000,quic=\":443\"; ma=2592000; v=\"46,43\"","accept-ranges":"none","transfer-encoding":"chunked"}
[debug] [2020-06-06T05:30:32.524Z] >>> HTTP REQUEST GET https://firebaserules.googleapis.com/v1/projects/cityschool-a6e48/rulesets/845cbd7c-cadd-47b0-865e-048018d3ab94  
 
[debug] [2020-06-06T05:30:33.095Z] <<< HTTP RESPONSE 200 {"content-type":"application/json; charset=UTF-8","vary":"X-Origin, Referer, Origin,Accept-Encoding","date":"Sat, 06 Jun 2020 05:30:33 GMT","server":"ESF","cache-control":"private","x-xss-protection":"0","x-frame-options":"SAMEORIGIN","x-content-type-options":"nosniff","alt-svc":"h3-27=\":443\"; ma=2592000,h3-25=\":443\"; ma=2592000,h3-T050=\":443\"; ma=2592000,h3-Q050=\":443\"; ma=2592000,h3-Q049=\":443\"; ma=2592000,h3-Q048=\":443\"; ma=2592000,h3-Q046=\":443\"; ma=2592000,h3-Q043=\":443\"; ma=2592000,quic=\":443\"; ma=2592000; v=\"46,43\"","accept-ranges":"none","transfer-encoding":"chunked"}
[info] +  firestore: deployed indexes in firestore.indexes.json successfully 
[debug] [2020-06-06T05:30:33.591Z] <<< HTTP RESPONSE 200 {"content-type":"application/json; charset=UTF-8","vary":"X-Origin, Referer, Origin,Accept-Encoding","date":"Sat, 06 Jun 2020 05:30:33 GMT","server":"ESF","cache-control":"private","x-xss-protection":"0","x-frame-options":"SAMEORIGIN","x-content-type-options":"nosniff","alt-svc":"h3-27=\":443\"; ma=2592000,h3-25=\":443\"; ma=2592000,h3-T050=\":443\"; ma=2592000,h3-Q050=\":443\"; ma=2592000,h3-Q049=\":443\"; ma=2592000,h3-Q048=\":443\"; ma=2592000,h3-Q046=\":443\"; ma=2592000,h3-Q043=\":443\"; ma=2592000,quic=\":443\"; ma=2592000; v=\"46,43\"","accept-ranges":"none","transfer-encoding":"chunked"}
[info] i  firestore: latest version of firestore.rules already up to date, skipping upload... 
[info] i  hosting[cityschool-a6e48]: beginning deploy... 
[info] i  hosting[cityschool-a6e48]: found 23 files in public 
[debug] [2020-06-06T05:30:33.755Z] [hosting] hash cache [cHVibGlj] stored for 23 files
[debug] [2020-06-06T05:30:33.756Z] [hosting][hash queue][FINAL] {"max":107,"min":0,"avg":13.217391304347826,"active":0,"complete":23,"success":23,"errored":0,"retried":0,"total":23,"elapsed":115}
[debug] [2020-06-06T05:30:33.756Z] >>> HTTP REQUEST POST https://firebasehosting.googleapis.com/v1beta1/sites/cityschool-a6e48/versions/95eee1b8522732c0:populateFiles  
 <request body omitted>
[debug] [2020-06-06T05:30:35.039Z] <<< HTTP RESPONSE 200 {"content-type":"application/json; charset=UTF-8","vary":"X-Origin, Referer, Origin,Accept-Encoding","date":"Sat, 06 Jun 2020 05:30:35 GMT","server":"ESF","cache-control":"private","x-xss-protection":"0","x-frame-options":"SAMEORIGIN","x-content-type-options":"nosniff","alt-svc":"h3-27=\":443\"; ma=2592000,h3-25=\":443\"; ma=2592000,h3-T050=\":443\"; ma=2592000,h3-Q050=\":443\"; ma=2592000,h3-Q049=\":443\"; ma=2592000,h3-Q048=\":443\"; ma=2592000,h3-Q046=\":443\"; ma=2592000,h3-Q043=\":443\"; ma=2592000,quic=\":443\"; ma=2592000; v=\"46,43\"","accept-ranges":"none","transfer-encoding":"chunked"}
[debug] [2020-06-06T05:30:35.042Z] [hosting][populate queue][FINAL] {"max":1286,"min":1286,"avg":1286,"active":0,"complete":1,"success":1,"errored":0,"retried":0,"total":1,"elapsed":1288}
[debug] [2020-06-06T05:30:35.042Z] [hosting] uploads queued: 3
[debug] [2020-06-06T05:30:46.046Z] [hosting][upload queue][FINAL] {"max":11006,"min":3352,"avg":8103,"active":0,"complete":3,"success":3,"errored":0,"retried":0,"total":3,"elapsed":11007}
[info] +  hosting[cityschool-a6e48]: file upload complete 
[debug] [2020-06-06T05:30:46.050Z] [hosting] deploy completed after 12453ms
[debug] [2020-06-06T05:30:46.783Z] [rules] releasing cloud.firestore with ruleset projects/cityschool-a6e48/rulesets/845cbd7c-cadd-47b0-865e-048018d3ab94
[debug] [2020-06-06T05:30:46.784Z] >>> HTTP REQUEST PATCH https://firebaserules.googleapis.com/v1/projects/cityschool-a6e48/releases/cloud.firestore  
 {"release":{"name":"projects/cityschool-a6e48/releases/cloud.firestore","rulesetName":"projects/cityschool-a6e48/rulesets/845cbd7c-cadd-47b0-865e-048018d3ab94"}}
[debug] [2020-06-06T05:30:47.872Z] <<< HTTP RESPONSE 200 {"content-type":"application/json; charset=UTF-8","vary":"X-Origin, Referer, Origin,Accept-Encoding","date":"Sat, 06 Jun 2020 05:30:48 GMT","server":"ESF","cache-control":"private","x-xss-protection":"0","x-frame-options":"SAMEORIGIN","x-content-type-options":"nosniff","alt-svc":"h3-27=\":443\"; ma=2592000,h3-25=\":443\"; ma=2592000,h3-T050=\":443\"; ma=2592000,h3-Q050=\":443\"; ma=2592000,h3-Q049=\":443\"; ma=2592000,h3-Q048=\":443\"; ma=2592000,h3-Q046=\":443\"; ma=2592000,h3-Q043=\":443\"; ma=2592000,quic=\":443\"; ma=2592000; v=\"46,43\"","accept-ranges":"none","transfer-encoding":"chunked"}
[debug] [2020-06-06T05:30:47.873Z] [rules] updated release projects/cityschool-a6e48/releases/cloud.firestore
[info] +  firestore: released rules firestore.rules to cloud.firestore 
[debug] [2020-06-06T05:30:47.876Z] [
  {
    "config": {
      "public": "public",
      "ignore": [
        "firebase.json",
        "**/.*",
        "**/node_modules/**"
      ],
      "rewrites": [
        {
          "source": "**",
          "destination": "/index.html"
        }
      ],
      "site": "cityschool-a6e48"
    },
    "site": "cityschool-a6e48",
    "version": "sites/cityschool-a6e48/versions/95eee1b8522732c0"
  }
]
[info] i  hosting[cityschool-a6e48]: finalizing version... 
[debug] [2020-06-06T05:30:47.878Z] >>> HTTP REQUEST PATCH https://firebasehosting.googleapis.com/v1beta1/sites/cityschool-a6e48/versions/95eee1b8522732c0?updateMask=status  
 {"status":"FINALIZED"}
[debug] [2020-06-06T05:30:49.317Z] <<< HTTP RESPONSE 200 {"content-type":"application/json; charset=UTF-8","vary":"X-Origin, Referer, Origin,Accept-Encoding","date":"Sat, 06 Jun 2020 05:30:49 GMT","server":"ESF","cache-control":"private","x-xss-protection":"0","x-frame-options":"SAMEORIGIN","x-content-type-options":"nosniff","alt-svc":"h3-27=\":443\"; ma=2592000,h3-25=\":443\"; ma=2592000,h3-T050=\":443\"; ma=2592000,h3-Q050=\":443\"; ma=2592000,h3-Q049=\":443\"; ma=2592000,h3-Q048=\":443\"; ma=2592000,h3-Q046=\":443\"; ma=2592000,h3-Q043=\":443\"; ma=2592000,quic=\":443\"; ma=2592000; v=\"46,43\"","accept-ranges":"none","transfer-encoding":"chunked"}
[debug] [2020-06-06T05:30:49.318Z] [hosting] finalized version for cityschool-a6e48: {"name":"sites/cityschool-a6e48/versions/95eee1b8522732c0","status":"FINALIZED","config":{"rewrites":[{"glob":"**","path":"/index.html"}]},"labels":{"deployment-tool":"cli-firebase"},"createTime":"2020-06-06T05:30:31.235408Z","createUser":{"email":"fahmichibani@gmail.com"},"finalizeTime":"2020-06-06T05:30:49.571059Z","finalizeUser":{"email":"fahmichibani@gmail.com"}}
[info] +  hosting[cityschool-a6e48]: version finalized 
[info] i  hosting[cityschool-a6e48]: releasing new version... 
[debug] [2020-06-06T05:30:49.321Z] >>> HTTP REQUEST POST https://firebasehosting.googleapis.com/v1beta1/sites/cityschool-a6e48/releases?version_name=sites/cityschool-a6e48/versions/95eee1b8522732c0  
 {"message":null}
